# JRE version: Java(TM) SE Runtime Environment (17.0.12+8) (build 17.0.12+8-LTS-286)
# Java VM: Java HotSpot(TM) 64-Bit Server VM (17.0.12+8-LTS-286, mixed mode, sharing, tiered, compressed oops, compressed class ptrs, g1 gc, windows-amd64)
GC Precious Log:
 CPUs: 4 total, 4 available
 Memory: 3790M
 Large Page Support: Disabled
 NUMA Support: Disabled
 Compressed Oops: Enabled (32-bit)
 Heap Region Size: 1M
 Heap Min Capacity: 8M
 Heap Initial Capacity: 60M
 Heap Max Capacity: 948M
 Pre-touch: Disabled
 Parallel Workers: 4
 Concurrent Workers: 1
 Concurrent Refinement Workers: 4
 Periodic GC: Disabled
Heap:
 garbage-first heap   total 70656K, used 48927K [0x00000000c4c00000, 0x0000000100000000)
  region size 1024K, 23 young (23552K), 3 survivors (3072K)
 Metaspace       used 71761K, committed 72320K, reserved 1114112K
  class space    used 10056K, committed 10304K, reserved 1048576K
GC Heap History (20 events):
Event: 3.889 GC heap before
{Heap before GC invocations=4 (full 0):
 garbage-first heap   total 61440K, used 42349K [0x00000000c4c00000, 0x0000000100000000)
  region size 1024K, 33 young (33792K), 4 survivors (4096K)
 Metaspace       used 21194K, committed 21440K, reserved 1114112K
  class space    used 2641K, committed 2752K, reserved 1048576K
}
Event: 3.899 GC heap after
{Heap after GC invocations=5 (full 0):
 garbage-first heap   total 61440K, used 15142K [0x00000000c4c00000, 0x0000000100000000)
  region size 1024K, 3 young (3072K), 3 survivors (3072K)
 Metaspace       used 21194K, committed 21440K, reserved 1114112K
  class space    used 2641K, committed 2752K, reserved 1048576K
}
Event: 3.920 GC heap before
{Heap before GC invocations=5 (full 0):
 garbage-first heap   total 61440K, used 15142K [0x00000000c4c00000, 0x0000000100000000)
  region size 1024K, 4 young (4096K), 3 survivors (3072K)
 Metaspace       used 21302K, committed 21504K, reserved 1114112K
  class space    used 2663K, committed 2752K, reserved 1048576K
}
Event: 3.924 GC heap after
{Heap after GC invocations=6 (full 0):
 garbage-first heap   total 61440K, used 15461K [0x00000000c4c00000, 0x0000000100000000)
  region size 1024K, 1 young (1024K), 1 survivors (1024K)
 Metaspace       used 21302K, committed 21504K, reserved 1114112K
  class space    used 2663K, committed 2752K, reserved 1048576K
}
Event: 5.116 GC heap before
{Heap before GC invocations=7 (full 0):
 garbage-first heap   total 58368K, used 43109K [0x00000000c4c00000, 0x0000000100000000)
  region size 1024K, 29 young (29696K), 1 survivors (1024K)
 Metaspace       used 26316K, committed 26688K, reserved 1114112K
  class space    used 3413K, committed 3584K, reserved 1048576K
}
Event: 5.124 GC heap after
{Heap after GC invocations=8 (full 0):
 garbage-first heap   total 58368K, used 17907K [0x00000000c4c00000, 0x0000000100000000)
  region size 1024K, 3 young (3072K), 3 survivors (3072K)
 Metaspace       used 26316K, committed 26688K, reserved 1114112K
  class space    used 3413K, committed 3584K, reserved 1048576K
}
Event: 5.746 GC heap before
{Heap before GC invocations=8 (full 0):
 garbage-first heap   total 58368K, used 42483K [0x00000000c4c00000, 0x0000000100000000)
  region size 1024K, 28 young (28672K), 3 survivors (3072K)
 Metaspace       used 31618K, committed 32000K, reserved 1114112K
  class space    used 4080K, committed 4288K, reserved 1048576K
}
Event: 5.756 GC heap after
{Heap after GC invocations=9 (full 0):
 garbage-first heap   total 58368K, used 19756K [0x00000000c4c00000, 0x0000000100000000)
  region size 1024K, 2 young (2048K), 2 survivors (2048K)
 Metaspace       used 31618K, committed 32000K, reserved 1114112K
  class space    used 4080K, committed 4288K, reserved 1048576K
}
Event: 6.116 GC heap before
{Heap before GC invocations=9 (full 0):
 garbage-first heap   total 58368K, used 37164K [0x00000000c4c00000, 0x0000000100000000)
  region size 1024K, 20 young (20480K), 2 survivors (2048K)
 Metaspace       used 35753K, committed 36096K, reserved 1114112K
  class space    used 4789K, committed 4928K, reserved 1048576K
}
Event: 6.121 GC heap after
{Heap after GC invocations=10 (full 0):
 garbage-first heap   total 70656K, used 20377K [0x00000000c4c00000, 0x0000000100000000)
  region size 1024K, 3 young (3072K), 3 survivors (3072K)
 Metaspace       used 35753K, committed 36096K, reserved 1114112K
  class space    used 4789K, committed 4928K, reserved 1048576K
}
Event: 7.363 GC heap before
{Heap before GC invocations=11 (full 0):
 garbage-first heap   total 70656K, used 54169K [0x00000000c4c00000, 0x0000000100000000)
  region size 1024K, 36 young (36864K), 3 survivors (3072K)
 Metaspace       used 47798K, committed 48320K, reserved 1114112K
  class space    used 6261K, committed 6528K, reserved 1048576K
}
Event: 7.372 GC heap after
{Heap after GC invocations=12 (full 0):
 garbage-first heap   total 70656K, used 23295K [0x00000000c4c00000, 0x0000000100000000)
  region size 1024K, 5 young (5120K), 5 survivors (5120K)
 Metaspace       used 47798K, committed 48320K, reserved 1114112K
  class space    used 6261K, committed 6528K, reserved 1048576K
}
Event: 8.476 GC heap before
{Heap before GC invocations=12 (full 0):
 garbage-first heap   total 70656K, used 52991K [0x00000000c4c00000, 0x0000000100000000)
  region size 1024K, 35 young (35840K), 5 survivors (5120K)
 Metaspace       used 55499K, committed 56064K, reserved 1114112K
  class space    used 7472K, committed 7744K, reserved 1048576K
}
Event: 8.488 GC heap after
{Heap after GC invocations=13 (full 0):
 garbage-first heap   total 70656K, used 25133K [0x00000000c4c00000, 0x0000000100000000)
  region size 1024K, 2 young (2048K), 2 survivors (2048K)
 Metaspace       used 55499K, committed 56064K, reserved 1114112K
  class space    used 7472K, committed 7744K, reserved 1048576K
}
Event: 9.199 GC heap before
{Heap before GC invocations=13 (full 0):
 garbage-first heap   total 70656K, used 43565K [0x00000000c4c00000, 0x0000000100000000)
  region size 1024K, 21 young (21504K), 2 survivors (2048K)
 Metaspace       used 59939K, committed 60480K, reserved 1114112K
  class space    used 8074K, committed 8320K, reserved 1048576K
}
Event: 9.204 GC heap after
{Heap after GC invocations=14 (full 0):
 garbage-first heap   total 70656K, used 25706K [0x00000000c4c00000, 0x0000000100000000)
  region size 1024K, 3 young (3072K), 3 survivors (3072K)
 Metaspace       used 59939K, committed 60480K, reserved 1114112K
  class space    used 8074K, committed 8320K, reserved 1048576K
}
Event: 10.850 GC heap before
{Heap before GC invocations=15 (full 0):
 garbage-first heap   total 70656K, used 55402K [0x00000000c4c00000, 0x0000000100000000)
  region size 1024K, 32 young (32768K), 3 survivors (3072K)
 Metaspace       used 65198K, committed 65728K, reserved 1114112K
  class space    used 9022K, committed 9280K, reserved 1048576K
}
Event: 10.856 GC heap after
{Heap after GC invocations=16 (full 0):
 garbage-first heap   total 70656K, used 28000K [0x00000000c4c00000, 0x0000000100000000)
  region size 1024K, 4 young (4096K), 4 survivors (4096K)
 Metaspace       used 65198K, committed 65728K, reserved 1114112K
  class space    used 9022K, committed 9280K, reserved 1048576K
}
Event: 11.650 GC heap before
{Heap before GC invocations=16 (full 0):
 garbage-first heap   total 70656K, used 54624K [0x00000000c4c00000, 0x0000000100000000)
  region size 1024K, 31 young (31744K), 4 survivors (4096K)
 Metaspace       used 69190K, committed 69760K, reserved 1114112K
  class space    used 9676K, committed 9920K, reserved 1048576K
}
Event: 11.656 GC heap after
{Heap after GC invocations=17 (full 0):
 garbage-first heap   total 70656K, used 30495K [0x00000000c4c00000, 0x0000000100000000)
  region size 1024K, 3 young (3072K), 3 survivors (3072K)
 Metaspace       used 69190K, committed 69760K, reserved 1114112K
  class space    used 9676K, committed 9920K, reserved 1048576K
}

